<?xml version="1.0" encoding="UTF-8" ?>
<testsuite tests="30" failures="0" errors="0" skipped="0" time="2.603" name="module 'em_test'">
  <testcase time="0.094" name="em_test:0 simple_strict_test">
    <system-out>:0: Warning: export_all flag enabled - all functions will be exported
:0: Warning: export_all flag enabled - all functions will be exported

EM: some_mod:some_fun [a,b] -&gt;  ok

EM: some_mod:some_fun_bad []
EM: some_mod:some_fun [a,c] -&gt;  ok

EM: some_mod:some_other_fun [a] -&gt;  ok

EM: some_other_mod:some_other_fun [] -&gt;  ok2

    </system-out>
  </testcase>
  <testcase time="0.075" name="em_test:0 invokation_timout_test">
    <system-out>:0: Warning: export_all flag enabled - all functions will be exported

    </system-out>
  </testcase>
  <testcase time="0.122" name="em_test:0 invalid_parameter_1_test">
    <system-out>:0: Warning: export_all flag enabled - all functions will be exported

EM: some_mod:some_fun [666,b] *ERROR* -&gt;  {unexpected_invokation,
                 {invokation,some_mod,some_fun,[666,b],&lt;0.146.0&gt;},
                 [{parameter_mismatch,
                      {parameter,1},
                      {expected,a},
                      {actual,666},
                      {expectation,#Ref&lt;0.4242396089.4267180035.252422&gt;,
                          {root,#Ref&lt;0.4242396089.4267180033.254867&gt;},
                          some_mod,some_fun,
                          [a,#Fun&lt;em_test.6.27644463&gt;],
                          {return,ok},
                          []}}]}
AT: [{em_test,'-simple_strict_test/0-fun-1-',1,
              [{file,"/home/sven/DEV/MAIN/erlymock/_build/test/lib/em/test/em_test.erl"},
               {line,16}]},
     {em,invoke,4,
         [{file,"/home/sven/DEV/MAIN/erlymock/_build/test/lib/em/src/em.erl"},
          {line,729}]},
     {em_test,'-simple_strict_test/0-fun-3-',0,
              [{file,"/home/sven/DEV/MAIN/erlymock/_build/test/lib/em/test/em_test.erl"},
               {line,25}]},
     {em_test,simple_strict_test,0,
              [{file,"/home/sven/DEV/MAIN/erlymock/_build/test/lib/em/test/em_test.erl"},
               {line,25}]},
     {eunit_test,'-mf_wrapper/2-fun-0-',2,
                 [{file,"eunit_test.erl"},{line,273}]},
     {eunit_test,run_testfun,1,[{file,"eunit_test.erl"},{line,71}]},
     {eunit_proc,run_test,1,[{file,"eunit_proc.erl"},{line,510}]},
     {eunit_proc,with_timeout,3,[{file,"eunit_proc.erl"},{line,335}]}]


    </system-out>
  </testcase>
  <testcase time="0.077" name="em_test:0 invalid_order_test">
    <system-out>:0: Warning: export_all flag enabled - all functions will be exported

EM: some_mod:some_fun [a] *ERROR* -&gt;  {unexpected_invokation,
                 {invokation,some_mod,some_fun,[a],&lt;0.146.0&gt;},
                 [{mfa_mismatch,
                      {expectation,#Ref&lt;0.4242396089.4267180033.254892&gt;,
                          {root,#Ref&lt;0.4242396089.4267180033.254890&gt;},
                          some_mod,some_fun,
                          [a,b],
                          {return,ok},
                          []}}]}
AT: [{em,verify,1,
         [{file,"/home/sven/DEV/MAIN/erlymock/_build/test/lib/em/src/em.erl"},
          {line,409}]},
     {em_test,'-invalid_parameter_1_test/0-fun-2-',1,
              [{file,"/home/sven/DEV/MAIN/erlymock/_build/test/lib/em/test/em_test.erl"},
               {line,70}]},
     {eunit_test,'-mf_wrapper/2-fun-0-',2,
                 [{file,"eunit_test.erl"},{line,273}]},
     {eunit_test,run_testfun,1,[{file,"eunit_test.erl"},{line,71}]},
     {eunit_proc,run_test,1,[{file,"eunit_proc.erl"},{line,510}]},
     {eunit_proc,with_timeout,3,[{file,"eunit_proc.erl"},{line,335}]},
     {eunit_proc,handle_test,2,[{file,"eunit_proc.erl"},{line,493}]},
     {eunit_proc,tests_inorder,3,[{file,"eunit_proc.erl"},{line,435}]}]


    </system-out>
  </testcase>
  <testcase time="0.035" name="em_test:0 too_many_invokations_test">
    <system-out>:0: Warning: export_all flag enabled - all functions will be exported

EM: some_mod:some_fun [a,b] -&gt;  ok

EM: some_mod:some_fun [a,b] *ERROR* -&gt;  {unexpected_invokation,
                 {invokation,some_mod,some_fun,[a,b],&lt;0.146.0&gt;}}
AT: [{em,verify,1,
         [{file,"/home/sven/DEV/MAIN/erlymock/_build/test/lib/em/src/em.erl"},
          {line,409}]},
     {em_test,'-invalid_order_test/0-fun-1-',1,
              [{file,"/home/sven/DEV/MAIN/erlymock/_build/test/lib/em/test/em_test.erl"},
               {line,84}]},
     {eunit_test,'-mf_wrapper/2-fun-0-',2,
                 [{file,"eunit_test.erl"},{line,273}]},
     {eunit_test,run_testfun,1,[{file,"eunit_test.erl"},{line,71}]},
     {eunit_proc,run_test,1,[{file,"eunit_proc.erl"},{line,510}]},
     {eunit_proc,with_timeout,3,[{file,"eunit_proc.erl"},{line,335}]},
     {eunit_proc,handle_test,2,[{file,"eunit_proc.erl"},{line,493}]},
     {eunit_proc,tests_inorder,3,[{file,"eunit_proc.erl"},{line,435}]}]


    </system-out>
  </testcase>
  <testcase time="0.061" name="em_test:0 invokations_missing_test">
    <system-out>:0: Warning: export_all flag enabled - all functions will be exported

    </system-out>
  </testcase>
  <testcase time="0.068" name="em_test:0 invalid_parameter_2_test">
    <system-out>:0: Warning: export_all flag enabled - all functions will be exported

EM: some_mod:some_fun [a,666] *ERROR* -&gt;  {unexpected_invokation,
                 {invokation,some_mod,some_fun,[a,666],&lt;0.146.0&gt;},
                 [{parameter_mismatch,
                      {parameter,2},
                      {expected,#Fun&lt;em_test.14.27644463&gt;},
                      {actual,666},
                      {expectation,#Ref&lt;0.4242396089.4267180035.252432&gt;,
                          {root,#Ref&lt;0.4242396089.4267180037.252435&gt;},
                          some_mod,some_fun,
                          [a,#Fun&lt;em_test.14.27644463&gt;],
                          {return,ok},
                          []}}]}
AT: [{em,verify,1,
         [{file,"/home/sven/DEV/MAIN/erlymock/_build/test/lib/em/src/em.erl"},
          {line,409}]},
     {em_test,'-invokations_missing_test/0-fun-0-',1,
              [{file,"/home/sven/DEV/MAIN/erlymock/_build/test/lib/em/test/em_test.erl"},
               {line,104}]},
     {eunit_test,'-mf_wrapper/2-fun-0-',2,
                 [{file,"eunit_test.erl"},{line,273}]},
     {eunit_test,run_testfun,1,[{file,"eunit_test.erl"},{line,71}]},
     {eunit_proc,run_test,1,[{file,"eunit_proc.erl"},{line,510}]},
     {eunit_proc,with_timeout,3,[{file,"eunit_proc.erl"},{line,335}]},
     {eunit_proc,handle_test,2,[{file,"eunit_proc.erl"},{line,493}]},
     {eunit_proc,tests_inorder,3,[{file,"eunit_proc.erl"},{line,435}]}]


    </system-out>
  </testcase>
  <testcase time="0.123" name="em_test:0 strict_and_stub_test">
    <system-out>:0: Warning: export_all flag enabled - all functions will be exported
:0: Warning: export_all flag enabled - all functions will be exported

EM: some_modx:some_fun [a,b,c] -&gt;  ok

EM: some_mod:some_fun [a,b] -&gt;  [a,b]

EM: some_modx:some_fun [a,b,c] -&gt;  ok

EM: some_modx:some_fun [a,b,c] -&gt;  ok

EM: some_modx:some_fun [a,b,55] -&gt;  ok

    </system-out>
  </testcase>
  <testcase time="0.083" name="em_test:0 stub_only_test">
    <system-out>:0: Warning: export_all flag enabled - all functions will be exported
:0: Warning: export_all flag enabled - all functions will be exported
:0: Warning: export_all flag enabled - all functions will be exported

EM: some_modz:some_fun [a,b,c] -&gt;  well

EM: some_modx:some_fun [a,b,c] -&gt;  ok123

EM: some_mody:some_fun [a,b,c] -&gt;  ok

EM: some_modx:some_fun [a,b,c] -&gt;  ok123

    </system-out>
  </testcase>
  <testcase time="0.059" name="em_test:0 fun_answer_test">
    <system-out>:0: Warning: export_all flag enabled - all functions will be exported

EM: some_modx:some_fun [a,b,c] -&gt;  answer

    </system-out>
  </testcase>
  <testcase time="0.061" name="em_test:0 empty_stub_test">
    <system-out>:0: Warning: export_all flag enabled - all functions will be exported

    </system-out>
  </testcase>
  <testcase time="0.000" name="em_test:0 empty_test">
    <system-out>
    </system-out>
  </testcase>
  <testcase time="0.000" name="em_test:0 check_arguments_test">
    <system-out>
    </system-out>
  </testcase>
  <testcase time="0.000" name="em_test:0 em_statem_callback_code_change_test">
    <system-out>
    </system-out>
  </testcase>
  <testcase time="0.000" name="em_test:0 em_statem_callback_bad_requests_ignore_test">
    <system-out>
    </system-out>
  </testcase>
  <testcase time="0.017" name="em_test:0 nothing_test">
    <system-out>:0: Warning: export_all flag enabled - all functions will be exported

    </system-out>
  </testcase>
  <testcase time="0.029" name="em_test:0 em_zelf_test">
    <system-out>:0: Warning: export_all flag enabled - all functions will be exported

EM: mod:f [&lt;0.146.0&gt;] -&gt;  ok

    </system-out>
  </testcase>
  <testcase time="0.044" name="em_test:0 await_expectations_noexpectations_test">
    <system-out>:0: Warning: export_all flag enabled - all functions will be exported

EM: mod:f [] -&gt;  go_on

    </system-out>
  </testcase>
  <testcase time="0.242" name="em_test:0 await_expectations_test">
    <system-out>:0: Warning: export_all flag enabled - all functions will be exported

EM: mod:f [] -&gt;  go_on

    </system-out>
  </testcase>
  <testcase time="0.294" name="em_test:0 await_test">
    <system-out>:0: Warning: export_all flag enabled - all functions will be exported

EM: mod:f1 [arg1,arg2] -&gt;  ret

EM: mod:f2 [] -&gt;  ok

EM: mod:f3 [] -&gt;  ok

    </system-out>
  </testcase>
  <testcase time="0.066" name="em_test:0 await_no_expectations_test">
    <system-out>:0: Warning: export_all flag enabled - all functions will be exported

EM: mod:f1 [] -&gt;  ok

    </system-out>
  </testcase>
  <testcase time="0.169" name="em_test:0 two_groups_test">
    <system-out>:0: Warning: export_all flag enabled - all functions will be exported
:0: Warning: export_all flag enabled - all functions will be exported
:0: Warning: export_all flag enabled - all functions will be exported

EM: m1:f1 [] -&gt;  ok

EM: g2:f1 [] -&gt;  ok

EM: g1:f1 [] -&gt;  ok

EM: g1:f2 [] -&gt;  ok

EM: g2:f2 [] -&gt;  ok

EM: m1:f2 [] -&gt;  ok

    </system-out>
  </testcase>
  <testcase time="0.181" name="em_test:0 two_groups2_test">
    <system-out>:0: Warning: export_all flag enabled - all functions will be exported
:0: Warning: export_all flag enabled - all functions will be exported
:0: Warning: export_all flag enabled - all functions will be exported

EM: m1:f1 [] -&gt;  ok

EM: g2:f1 [] -&gt;  ok

EM: g1:f1 [] -&gt;  ok

EM: g2:f2 [] -&gt;  ok

EM: g1:f2 [] -&gt;  ok

    </system-out>
  </testcase>
  <testcase time="0.099" name="em_test:0 mock_deranged_invalid_invokation_test">
    <system-out>:0: Warning: export_all flag enabled - all functions will be exported

EM: mod:f1 [right] -&gt;  ok

EM: mod:f2 [right] *ERROR* -&gt;  {unexpected_invokation,
                 {invokation,mod,f2,[right],&lt;0.146.0&gt;},
                 [{parameter_mismatch,
                      {parameter,1},
                      {expected,left},
                      {actual,right},
                      {expectation,#Ref&lt;0.4242396089.4267180036.252487&gt;,
                          {root,#Ref&lt;0.4242396089.4267180034.252507&gt;},
                          mod,f2,
                          [left],
                          {return,ok},
                          []}}]}
AT: [{mnesia,blub,[some_arg],[]},
     {em_test,'-nothing_test/0-fun-0-',0,
              [{file,"/home/sven/DEV/MAIN/erlymock/_build/test/lib/em/test/em_test.erl"},
               {line,191}]},
     {em_test,nothing_test,0,
              [{file,"/home/sven/DEV/MAIN/erlymock/_build/test/lib/em/test/em_test.erl"},
               {line,191}]},
     {eunit_test,'-mf_wrapper/2-fun-0-',2,
                 [{file,"eunit_test.erl"},{line,273}]},
     {eunit_test,run_testfun,1,[{file,"eunit_test.erl"},{line,71}]},
     {eunit_proc,run_test,1,[{file,"eunit_proc.erl"},{line,510}]},
     {eunit_proc,with_timeout,3,[{file,"eunit_proc.erl"},{line,335}]},
     {eunit_proc,handle_test,2,[{file,"eunit_proc.erl"},{line,493}]}]


EM: mod:f1 [wrong] *ERROR* -&gt;  mock_deranged
AT: [{em,invoke,4,
         [{file,"/home/sven/DEV/MAIN/erlymock/_build/test/lib/em/src/em.erl"},
          {line,727}]},
     {em_test,'-mock_deranged_invalid_invokation_test/0-fun-0-',0,
              [{file,"/home/sven/DEV/MAIN/erlymock/_build/test/lib/em/test/em_test.erl"},
               {line,329}]},
     {em_test,mock_deranged_invalid_invokation_test,0,
              [{file,"/home/sven/DEV/MAIN/erlymock/_build/test/lib/em/test/em_test.erl"},
               {line,324}]},
     {eunit_test,'-mf_wrapper/2-fun-0-',2,
                 [{file,"eunit_test.erl"},{line,273}]},
     {eunit_test,run_testfun,1,[{file,"eunit_test.erl"},{line,71}]},
     {eunit_proc,run_test,1,[{file,"eunit_proc.erl"},{line,510}]},
     {eunit_proc,with_timeout,3,[{file,"eunit_proc.erl"},{line,335}]},
     {eunit_proc,handle_test,2,[{file,"eunit_proc.erl"},{line,493}]}]


EM: mod:f3 [] *ERROR* -&gt;  mock_deranged
AT: [{em,invoke,4,
         [{file,"/home/sven/DEV/MAIN/erlymock/_build/test/lib/em/src/em.erl"},
          {line,727}]},
     {em_test,'-mock_deranged_invalid_invokation_test/0-fun-1-',0,
              [{file,"/home/sven/DEV/MAIN/erlymock/_build/test/lib/em/test/em_test.erl"},
               {line,332}]},
     {em_test,mock_deranged_invalid_invokation_test,0,
              [{file,"/home/sven/DEV/MAIN/erlymock/_build/test/lib/em/test/em_test.erl"},
               {line,331}]},
     {eunit_test,'-mf_wrapper/2-fun-0-',2,
                 [{file,"eunit_test.erl"},{line,273}]},
     {eunit_test,run_testfun,1,[{file,"eunit_test.erl"},{line,71}]},
     {eunit_proc,run_test,1,[{file,"eunit_proc.erl"},{line,510}]},
     {eunit_proc,with_timeout,3,[{file,"eunit_proc.erl"},{line,335}]},
     {eunit_proc,handle_test,2,[{file,"eunit_proc.erl"},{line,493}]}]


    </system-out>
  </testcase>
  <testcase time="0.062" name="em_test:0 mock_deranged_no_expectation_test">
    <system-out>:0: Warning: export_all flag enabled - all functions will be exported

EM: mod:f1 [right] -&gt;  ok

EM: mod:f1 [left] *ERROR* -&gt;  {unexpected_invokation,{invokation,mod,f1,[left],&lt;0.146.0&gt;}}
AT: [{em,verify,1,
         [{file,"/home/sven/DEV/MAIN/erlymock/_build/test/lib/em/src/em.erl"},
          {line,409}]},
     {em_test,'-mock_deranged_invalid_invokation_test/0-fun-3-',1,
              [{file,"/home/sven/DEV/MAIN/erlymock/_build/test/lib/em/test/em_test.erl"},
               {line,341}]},
     {eunit_test,'-mf_wrapper/2-fun-0-',2,
                 [{file,"eunit_test.erl"},{line,273}]},
     {eunit_test,run_testfun,1,[{file,"eunit_test.erl"},{line,71}]},
     {eunit_proc,run_test,1,[{file,"eunit_proc.erl"},{line,510}]},
     {eunit_proc,with_timeout,3,[{file,"eunit_proc.erl"},{line,335}]},
     {eunit_proc,handle_test,2,[{file,"eunit_proc.erl"},{line,493}]},
     {eunit_proc,tests_inorder,3,[{file,"eunit_proc.erl"},{line,435}]}]


EM: mod:f1 [wrong] *ERROR* -&gt;  mock_deranged
AT: [{em,invoke,4,
         [{file,"/home/sven/DEV/MAIN/erlymock/_build/test/lib/em/src/em.erl"},
          {line,727}]},
     {em_test,'-mock_deranged_no_expectation_test/0-fun-0-',1,
              [{file,"/home/sven/DEV/MAIN/erlymock/_build/test/lib/em/test/em_test.erl"},
               {line,357}]},
     {em_test,mock_deranged_no_expectation_test,0,
              [{file,"/home/sven/DEV/MAIN/erlymock/_build/test/lib/em/test/em_test.erl"},
               {line,356}]},
     {eunit_test,'-mf_wrapper/2-fun-0-',2,
                 [{file,"eunit_test.erl"},{line,273}]},
     {eunit_test,run_testfun,1,[{file,"eunit_test.erl"},{line,71}]},
     {eunit_proc,run_test,1,[{file,"eunit_proc.erl"},{line,510}]},
     {eunit_proc,with_timeout,3,[{file,"eunit_proc.erl"},{line,335}]},
     {eunit_proc,handle_test,2,[{file,"eunit_proc.erl"},{line,493}]}]


    </system-out>
  </testcase>
  <testcase time="0.083" name="em_test:0 mock_deranged_stub_no_expectation_test">
    <system-out>:0: Warning: export_all flag enabled - all functions will be exported

EM: mod:f1 [right] -&gt;  ok

EM: mod:f1 [left] *ERROR* -&gt;  {unexpected_invokation,{invokation,mod,f1,[left],&lt;0.146.0&gt;}}
AT: [{em,verify,1,
         [{file,"/home/sven/DEV/MAIN/erlymock/_build/test/lib/em/src/em.erl"},
          {line,409}]},
     {em_test,'-mock_deranged_no_expectation_test/0-fun-2-',2,
              [{file,"/home/sven/DEV/MAIN/erlymock/_build/test/lib/em/test/em_test.erl"},
               {line,363}]},
     {eunit_test,'-mf_wrapper/2-fun-0-',2,
                 [{file,"eunit_test.erl"},{line,273}]},
     {eunit_test,run_testfun,1,[{file,"eunit_test.erl"},{line,71}]},
     {eunit_proc,run_test,1,[{file,"eunit_proc.erl"},{line,510}]},
     {eunit_proc,with_timeout,3,[{file,"eunit_proc.erl"},{line,335}]},
     {eunit_proc,handle_test,2,[{file,"eunit_proc.erl"},{line,493}]},
     {eunit_proc,tests_inorder,3,[{file,"eunit_proc.erl"},{line,435}]}]


EM: mod:fstub [] *ERROR* -&gt;  mock_deranged
AT: [{em,invoke,4,
         [{file,"/home/sven/DEV/MAIN/erlymock/_build/test/lib/em/src/em.erl"},
          {line,727}]},
     {em_test,'-mock_deranged_stub_no_expectation_test/0-fun-0-',1,
              [{file,"/home/sven/DEV/MAIN/erlymock/_build/test/lib/em/test/em_test.erl"},
               {line,380}]},
     {em_test,mock_deranged_stub_no_expectation_test,0,
              [{file,"/home/sven/DEV/MAIN/erlymock/_build/test/lib/em/test/em_test.erl"},
               {line,379}]},
     {eunit_test,'-mf_wrapper/2-fun-0-',2,
                 [{file,"eunit_test.erl"},{line,273}]},
     {eunit_test,run_testfun,1,[{file,"eunit_test.erl"},{line,71}]},
     {eunit_proc,run_test,1,[{file,"eunit_proc.erl"},{line,510}]},
     {eunit_proc,with_timeout,3,[{file,"eunit_proc.erl"},{line,335}]},
     {eunit_proc,handle_test,2,[{file,"eunit_proc.erl"},{line,493}]}]


    </system-out>
  </testcase>
  <testcase time="0.060" name="em_test:0 mock_deranged_stub_test">
    <system-out>:0: Warning: export_all flag enabled - all functions will be exported

EM: mod:f1 [right] -&gt;  ok

EM: mod:f1 [left] *ERROR* -&gt;  {unexpected_invokation,
                 {invokation,mod,f1,[left],&lt;0.146.0&gt;},
                 [{mfa_mismatch,
                      {expectation,#Ref&lt;0.4242396089.4267180039.252480&gt;,
                          {root,#Ref&lt;0.4242396089.4267180039.252478&gt;},
                          mod,fstub,[],
                          {return,ok},
                          []}},
                  {mfa_mismatch,
                      {expectation,#Ref&lt;0.4242396089.4267180034.252512&gt;,
                          {root,#Ref&lt;0.4242396089.4267180039.252478&gt;},
                          mod,f2,
                          [right],
                          {return,ok},
                          []}}]}
AT: [{em,verify,1,
         [{file,"/home/sven/DEV/MAIN/erlymock/_build/test/lib/em/src/em.erl"},
          {line,409}]},
     {em_test,'-mock_deranged_stub_no_expectation_test/0-fun-2-',2,
              [{file,"/home/sven/DEV/MAIN/erlymock/_build/test/lib/em/test/em_test.erl"},
               {line,386}]},
     {eunit_test,'-mf_wrapper/2-fun-0-',2,
                 [{file,"eunit_test.erl"},{line,273}]},
     {eunit_test,run_testfun,1,[{file,"eunit_test.erl"},{line,71}]},
     {eunit_proc,run_test,1,[{file,"eunit_proc.erl"},{line,510}]},
     {eunit_proc,with_timeout,3,[{file,"eunit_proc.erl"},{line,335}]},
     {eunit_proc,handle_test,2,[{file,"eunit_proc.erl"},{line,493}]},
     {eunit_proc,tests_inorder,3,[{file,"eunit_proc.erl"},{line,435}]}]


EM: mod:fstub [] *ERROR* -&gt;  mock_deranged
AT: [{em,invoke,4,
         [{file,"/home/sven/DEV/MAIN/erlymock/_build/test/lib/em/src/em.erl"},
          {line,727}]},
     {em_test,'-mock_deranged_stub_test/0-fun-0-',0,
              [{file,"/home/sven/DEV/MAIN/erlymock/_build/test/lib/em/test/em_test.erl"},
               {line,404}]},
     {em_test,mock_deranged_stub_test,0,
              [{file,"/home/sven/DEV/MAIN/erlymock/_build/test/lib/em/test/em_test.erl"},
               {line,399}]},
     {eunit_test,'-mf_wrapper/2-fun-0-',2,
                 [{file,"eunit_test.erl"},{line,273}]},
     {eunit_test,run_testfun,1,[{file,"eunit_test.erl"},{line,71}]},
     {eunit_proc,run_test,1,[{file,"eunit_proc.erl"},{line,510}]},
     {eunit_proc,with_timeout,3,[{file,"eunit_proc.erl"},{line,335}]},
     {eunit_proc,handle_test,2,[{file,"eunit_proc.erl"},{line,493}]}]


    </system-out>
  </testcase>
  <testcase time="0.099" name="em_test:0 mock_deranged_await_test">
    <system-out>:0: Warning: export_all flag enabled - all functions will be exported

EM: mod:f1 [right] -&gt;  ok

EM: mod:f1 [left] *ERROR* -&gt;  {unexpected_invokation,
                 {invokation,mod,f1,[left],&lt;0.146.0&gt;},
                 [{mfa_mismatch,
                      {expectation,#Ref&lt;0.4242396089.4267180037.252754&gt;,
                          {root,#Ref&lt;0.4242396089.4267180034.252514&gt;},
                          mod,fstub,[],
                          {return,ok},
                          []}},
                  {mfa_mismatch,
                      {expectation,#Ref&lt;0.4242396089.4267180037.252756&gt;,
                          {root,#Ref&lt;0.4242396089.4267180034.252514&gt;},
                          mod,f2,
                          [right],
                          {return,ok},
                          []}}]}
AT: [{em,verify,1,
         [{file,"/home/sven/DEV/MAIN/erlymock/_build/test/lib/em/src/em.erl"},
          {line,409}]},
     {em_test,'-mock_deranged_stub_test/0-fun-2-',1,
              [{file,"/home/sven/DEV/MAIN/erlymock/_build/test/lib/em/test/em_test.erl"},
               {line,413}]},
     {eunit_test,'-mf_wrapper/2-fun-0-',2,
                 [{file,"eunit_test.erl"},{line,273}]},
     {eunit_test,run_testfun,1,[{file,"eunit_test.erl"},{line,71}]},
     {eunit_proc,run_test,1,[{file,"eunit_proc.erl"},{line,510}]},
     {eunit_proc,with_timeout,3,[{file,"eunit_proc.erl"},{line,335}]},
     {eunit_proc,handle_test,2,[{file,"eunit_proc.erl"},{line,493}]},
     {eunit_proc,tests_inorder,3,[{file,"eunit_proc.erl"},{line,435}]}]


    </system-out>
  </testcase>
  <testcase time="0.094" name="em_test:0 mock_deranged_await_expectations_test">
    <system-out>:0: Warning: export_all flag enabled - all functions will be exported

EM: mod:f1 [right] -&gt;  ok

EM: mod:f2 [right] *ERROR* -&gt;  {unexpected_invokation,
                 {invokation,mod,f2,[right],&lt;0.146.0&gt;},
                 [{parameter_mismatch,
                      {parameter,1},
                      {expected,left},
                      {actual,right},
                      {expectation,#Ref&lt;0.4242396089.4267180036.252501&gt;,
                          {root,#Ref&lt;0.4242396089.4267180034.252522&gt;},
                          mod,f2,
                          [left],
                          {return,ok},
                          []}}]}
AT: [{em,verify,1,
         [{file,"/home/sven/DEV/MAIN/erlymock/_build/test/lib/em/src/em.erl"},
          {line,409}]},
     {em_test,'-mock_deranged_await_test/0-fun-3-',1,
              [{file,"/home/sven/DEV/MAIN/erlymock/_build/test/lib/em/test/em_test.erl"},
               {line,443}]},
     {eunit_test,'-mf_wrapper/2-fun-0-',2,
                 [{file,"eunit_test.erl"},{line,273}]},
     {eunit_test,run_testfun,1,[{file,"eunit_test.erl"},{line,71}]},
     {eunit_proc,run_test,1,[{file,"eunit_proc.erl"},{line,510}]},
     {eunit_proc,with_timeout,3,[{file,"eunit_proc.erl"},{line,335}]},
     {eunit_proc,handle_test,2,[{file,"eunit_proc.erl"},{line,493}]},
     {eunit_proc,tests_inorder,3,[{file,"eunit_proc.erl"},{line,435}]}]


EM: mod:f1 [wrong] *ERROR* -&gt;  mock_deranged
AT: [{em,invoke,4,
         [{file,"/home/sven/DEV/MAIN/erlymock/_build/test/lib/em/src/em.erl"},
          {line,727}]},
     {em_test,'-mock_deranged_await_expectations_test/0-fun-0-',0,
              [{file,"/home/sven/DEV/MAIN/erlymock/_build/test/lib/em/test/em_test.erl"},
               {line,461}]},
     {em_test,mock_deranged_await_expectations_test,0,
              [{file,"/home/sven/DEV/MAIN/erlymock/_build/test/lib/em/test/em_test.erl"},
               {line,456}]},
     {eunit_test,'-mf_wrapper/2-fun-0-',2,
                 [{file,"eunit_test.erl"},{line,273}]},
     {eunit_test,run_testfun,1,[{file,"eunit_test.erl"},{line,71}]},
     {eunit_proc,run_test,1,[{file,"eunit_proc.erl"},{line,510}]},
     {eunit_proc,with_timeout,3,[{file,"eunit_proc.erl"},{line,335}]},
     {eunit_proc,handle_test,2,[{file,"eunit_proc.erl"},{line,493}]}]


EM: mod:f3 [] *ERROR* -&gt;  mock_deranged
AT: [{em,invoke,4,
         [{file,"/home/sven/DEV/MAIN/erlymock/_build/test/lib/em/src/em.erl"},
          {line,727}]},
     {em_test,'-mock_deranged_await_expectations_test/0-fun-1-',0,
              [{file,"/home/sven/DEV/MAIN/erlymock/_build/test/lib/em/test/em_test.erl"},
               {line,464}]},
     {em_test,mock_deranged_await_expectations_test,0,
              [{file,"/home/sven/DEV/MAIN/erlymock/_build/test/lib/em/test/em_test.erl"},
               {line,463}]},
     {eunit_test,'-mf_wrapper/2-fun-0-',2,
                 [{file,"eunit_test.erl"},{line,273}]},
     {eunit_test,run_testfun,1,[{file,"eunit_test.erl"},{line,71}]},
     {eunit_proc,run_test,1,[{file,"eunit_proc.erl"},{line,510}]},
     {eunit_proc,with_timeout,3,[{file,"eunit_proc.erl"},{line,335}]},
     {eunit_proc,handle_test,2,[{file,"eunit_proc.erl"},{line,493}]}]


    </system-out>
  </testcase>
  <testcase time="0.112" name="em_test:0 generate_call_log_test">
    <system-out>:0: Warning: export_all flag enabled - all functions will be exported

EM: some_mod:stub_fun [a,b] -&gt;  ok

EM: some_mod:a_fun [this_is_an_atom] -&gt;  ok

EM: some_mod:ret_fun [not_me] -&gt;  yes

EM: some_mod:a_fun [this_is_one_too] -&gt;  ok

EM: some_mod:stub_fun [a,b] -&gt;  ok

    </system-out>
  </testcase>
</testsuite>
